{"uuid":"022a6ea6-02a6-4021-94ad-a13e7375e9e2","historyId":"d80abb822cf0cf5f15720040b5aa9a3f","fullName":"US_012 When the \"User Request Lists/Building Permit Request\" title is clicked, the functions on the page should work correctly.: TC_01205 When the User Request Lists/EXTERNAL EXCAVATION REQUEST heading is clicked, the functions on the page should work properly.","labels":[{"name":"tag","value":"01106"},{"name":"host","value":"aalas"},{"name":"thread","value":"31720@aalas.main(1)"},{"name":"feature","value":"US_012 When the \"User Request Lists/Building Permit Request\" title is clicked, the functions on the page should work correctly."},{"name":"story","value":"TC_01205 When the User Request Lists/EXTERNAL EXCAVATION REQUEST heading is clicked, the functions on the page should work properly."},{"name":"suite","value":"US_012 When the \"User Request Lists/Building Permit Request\" title is clicked, the functions on the page should work correctly."},{"name":"testClass","value":"TC_01205 When the User Request Lists/EXTERNAL EXCAVATION REQUEST heading is clicked, the functions on the page should work properly."},{"name":"framework","value":"cucumber4jvm"},{"name":"language","value":"java"},{"name":"gherkin_uri","value":"file:///G:/N2_HYBS_KAYSERI_PROJECT/src/test/resources/features/US_12.feature"},{"name":"package","value":"src.test.resources.features.US_12_feature.US_012 When the \"User Request Lists/Building Permit Request\" title is clicked, the functions on the page should work correctly."}],"links":[],"name":"TC_01205 When the User Request Lists/EXTERNAL EXCAVATION REQUEST heading is clicked, the functions on the page should work properly.","status":"skipped","statusDetails":{"known":false,"muted":false,"flaky":false,"message":"Undefined Step. Please add step definition","trace":"java.lang.IllegalStateException: Undefined Step. Please add step definition\r\n\tat io.qameta.allure.cucumber7jvm.AllureCucumber7Jvm.handlePickleStep(AllureCucumber7Jvm.java:414)\r\n\tat io.qameta.allure.cucumber7jvm.AllureCucumber7Jvm.handleTestStepFinished(AllureCucumber7Jvm.java:244)\r\n\tat io.cucumber.core.eventbus.AbstractEventPublisher.send(AbstractEventPublisher.java:51)\r\n\tat io.cucumber.core.eventbus.AbstractEventBus.send(AbstractEventBus.java:12)\r\n\tat io.cucumber.core.runtime.SynchronizedEventBus.send(SynchronizedEventBus.java:47)\r\n\tat io.cucumber.core.runtime.ThreadLocalRunnerSupplier$LocalEventBus.send(ThreadLocalRunnerSupplier.java:62)\r\n\tat io.cucumber.core.runner.TestStep.emitTestStepFinished(TestStep.java:116)\r\n\tat io.cucumber.core.runner.TestStep.run(TestStep.java:67)\r\n\tat io.cucumber.core.runner.PickleStepTestStep.run(PickleStepTestStep.java:51)\r\n\tat io.cucumber.core.runner.TestCase.run(TestCase.java:84)\r\n\tat io.cucumber.core.runner.Runner.runPickle(Runner.java:75)\r\n\tat io.cucumber.junit.PickleRunners$NoStepDescriptions.lambda$run$0(PickleRunners.java:151)\r\n\tat io.cucumber.core.runtime.CucumberExecutionContext.lambda$runTestCase$5(CucumberExecutionContext.java:130)\r\n\tat io.cucumber.core.runtime.RethrowingThrowableCollector.executeAndThrow(RethrowingThrowableCollector.java:23)\r\n\tat io.cucumber.core.runtime.CucumberExecutionContext.runTestCase(CucumberExecutionContext.java:130)\r\n\tat io.cucumber.junit.PickleRunners$NoStepDescriptions.run(PickleRunners.java:148)\r\n\tat io.cucumber.junit.FeatureRunner.runChild(FeatureRunner.java:144)\r\n\tat io.cucumber.junit.FeatureRunner.runChild(FeatureRunner.java:28)\r\n\tat org.junit.runners.ParentRunner$4.run(ParentRunner.java:331)\r\n\tat org.junit.runners.ParentRunner$1.schedule(ParentRunner.java:79)\r\n\tat org.junit.runners.ParentRunner.runChildren(ParentRunner.java:329)\r\n\tat org.junit.runners.ParentRunner.access$100(ParentRunner.java:66)\r\n\tat org.junit.runners.ParentRunner$2.evaluate(ParentRunner.java:293)\r\n\tat org.junit.runners.ParentRunner$3.evaluate(ParentRunner.java:306)\r\n\tat org.junit.runners.ParentRunner.run(ParentRunner.java:413)\r\n\tat io.cucumber.junit.FeatureRunner.run(FeatureRunner.java:137)\r\n\tat io.cucumber.junit.Cucumber.runChild(Cucumber.java:196)\r\n\tat io.cucumber.junit.Cucumber.runChild(Cucumber.java:89)\r\n\tat org.junit.runners.ParentRunner$4.run(ParentRunner.java:331)\r\n\tat org.junit.runners.ParentRunner$1.schedule(ParentRunner.java:79)\r\n\tat org.junit.runners.ParentRunner.runChildren(ParentRunner.java:329)\r\n\tat org.junit.runners.ParentRunner.access$100(ParentRunner.java:66)\r\n\tat org.junit.runners.ParentRunner$2.evaluate(ParentRunner.java:293)\r\n\tat io.cucumber.junit.Cucumber$RunBeforeAllHooks.evaluate(Cucumber.java:266)\r\n\tat io.cucumber.junit.Cucumber$RunAfterAllHooks.evaluate(Cucumber.java:281)\r\n\tat io.cucumber.junit.Cucumber$StartTestRun.evaluate(Cucumber.java:233)\r\n\tat io.cucumber.junit.Cucumber$FinishTestRun.evaluate(Cucumber.java:248)\r\n\tat org.junit.runners.ParentRunner$3.evaluate(ParentRunner.java:306)\r\n\tat org.junit.runners.ParentRunner.run(ParentRunner.java:413)\r\n\tat org.junit.runner.JUnitCore.run(JUnitCore.java:137)\r\n\tat com.intellij.junit4.JUnit4IdeaTestRunner.startRunnerWithArgs(JUnit4IdeaTestRunner.java:69)\r\n\tat com.intellij.rt.junit.IdeaTestRunner$Repeater$1.execute(IdeaTestRunner.java:38)\r\n\tat com.intellij.rt.execution.junit.TestsRepeater.repeat(TestsRepeater.java:11)\r\n\tat com.intellij.rt.junit.IdeaTestRunner$Repeater.startRunnerWithArgs(IdeaTestRunner.java:35)\r\n\tat com.intellij.rt.junit.JUnitStarter.prepareStreamsAndStart(JUnitStarter.java:232)\r\n\tat com.intellij.rt.junit.JUnitStarter.main(JUnitStarter.java:55)\r\n"},"stage":"finished","steps":[{"name":"Given  Login to HYBS site, click the Login button and log in with your User information.","status":"passed","statusDetails":{"known":false,"muted":false,"flaky":false},"stage":"finished","steps":[],"attachments":[],"parameters":[],"start":1712220716368,"stop":1712220716371},{"name":"*  Click on the External Excavation Request link","statusDetails":{"known":false,"muted":false,"flaky":false,"message":"Undefined Step. Please add step definition","trace":"java.lang.IllegalStateException: Undefined Step. Please add step definition\r\n\tat io.qameta.allure.cucumber7jvm.AllureCucumber7Jvm.handlePickleStep(AllureCucumber7Jvm.java:414)\r\n\tat io.qameta.allure.cucumber7jvm.AllureCucumber7Jvm.handleTestStepFinished(AllureCucumber7Jvm.java:244)\r\n\tat io.cucumber.core.eventbus.AbstractEventPublisher.send(AbstractEventPublisher.java:51)\r\n\tat io.cucumber.core.eventbus.AbstractEventBus.send(AbstractEventBus.java:12)\r\n\tat io.cucumber.core.runtime.SynchronizedEventBus.send(SynchronizedEventBus.java:47)\r\n\tat io.cucumber.core.runtime.ThreadLocalRunnerSupplier$LocalEventBus.send(ThreadLocalRunnerSupplier.java:62)\r\n\tat io.cucumber.core.runner.TestStep.emitTestStepFinished(TestStep.java:116)\r\n\tat io.cucumber.core.runner.TestStep.run(TestStep.java:67)\r\n\tat io.cucumber.core.runner.PickleStepTestStep.run(PickleStepTestStep.java:51)\r\n\tat io.cucumber.core.runner.TestCase.run(TestCase.java:84)\r\n\tat io.cucumber.core.runner.Runner.runPickle(Runner.java:75)\r\n\tat io.cucumber.junit.PickleRunners$NoStepDescriptions.lambda$run$0(PickleRunners.java:151)\r\n\tat io.cucumber.core.runtime.CucumberExecutionContext.lambda$runTestCase$5(CucumberExecutionContext.java:130)\r\n\tat io.cucumber.core.runtime.RethrowingThrowableCollector.executeAndThrow(RethrowingThrowableCollector.java:23)\r\n\tat io.cucumber.core.runtime.CucumberExecutionContext.runTestCase(CucumberExecutionContext.java:130)\r\n\tat io.cucumber.junit.PickleRunners$NoStepDescriptions.run(PickleRunners.java:148)\r\n\tat io.cucumber.junit.FeatureRunner.runChild(FeatureRunner.java:144)\r\n\tat io.cucumber.junit.FeatureRunner.runChild(FeatureRunner.java:28)\r\n\tat org.junit.runners.ParentRunner$4.run(ParentRunner.java:331)\r\n\tat org.junit.runners.ParentRunner$1.schedule(ParentRunner.java:79)\r\n\tat org.junit.runners.ParentRunner.runChildren(ParentRunner.java:329)\r\n\tat org.junit.runners.ParentRunner.access$100(ParentRunner.java:66)\r\n\tat org.junit.runners.ParentRunner$2.evaluate(ParentRunner.java:293)\r\n\tat org.junit.runners.ParentRunner$3.evaluate(ParentRunner.java:306)\r\n\tat org.junit.runners.ParentRunner.run(ParentRunner.java:413)\r\n\tat io.cucumber.junit.FeatureRunner.run(FeatureRunner.java:137)\r\n\tat io.cucumber.junit.Cucumber.runChild(Cucumber.java:196)\r\n\tat io.cucumber.junit.Cucumber.runChild(Cucumber.java:89)\r\n\tat org.junit.runners.ParentRunner$4.run(ParentRunner.java:331)\r\n\tat org.junit.runners.ParentRunner$1.schedule(ParentRunner.java:79)\r\n\tat org.junit.runners.ParentRunner.runChildren(ParentRunner.java:329)\r\n\tat org.junit.runners.ParentRunner.access$100(ParentRunner.java:66)\r\n\tat org.junit.runners.ParentRunner$2.evaluate(ParentRunner.java:293)\r\n\tat io.cucumber.junit.Cucumber$RunBeforeAllHooks.evaluate(Cucumber.java:266)\r\n\tat io.cucumber.junit.Cucumber$RunAfterAllHooks.evaluate(Cucumber.java:281)\r\n\tat io.cucumber.junit.Cucumber$StartTestRun.evaluate(Cucumber.java:233)\r\n\tat io.cucumber.junit.Cucumber$FinishTestRun.evaluate(Cucumber.java:248)\r\n\tat org.junit.runners.ParentRunner$3.evaluate(ParentRunner.java:306)\r\n\tat org.junit.runners.ParentRunner.run(ParentRunner.java:413)\r\n\tat org.junit.runner.JUnitCore.run(JUnitCore.java:137)\r\n\tat com.intellij.junit4.JUnit4IdeaTestRunner.startRunnerWithArgs(JUnit4IdeaTestRunner.java:69)\r\n\tat com.intellij.rt.junit.IdeaTestRunner$Repeater$1.execute(IdeaTestRunner.java:38)\r\n\tat com.intellij.rt.execution.junit.TestsRepeater.repeat(TestsRepeater.java:11)\r\n\tat com.intellij.rt.junit.IdeaTestRunner$Repeater.startRunnerWithArgs(IdeaTestRunner.java:35)\r\n\tat com.intellij.rt.junit.JUnitStarter.prepareStreamsAndStart(JUnitStarter.java:232)\r\n\tat com.intellij.rt.junit.JUnitStarter.main(JUnitStarter.java:55)\r\n"},"stage":"finished","steps":[],"attachments":[],"parameters":[],"start":1712220716373,"stop":1712220716375},{"name":"*  Click on the Add new External Excavation request button","status":"skipped","statusDetails":{"known":false,"muted":false,"flaky":false},"stage":"finished","steps":[],"attachments":[],"parameters":[],"start":1712220716375,"stop":1712220716376},{"name":"*  Add and create information in new External excavation request","status":"skipped","statusDetails":{"known":false,"muted":false,"flaky":false},"stage":"finished","steps":[],"attachments":[],"parameters":[],"start":1712220716377,"stop":1712220716377},{"name":"*  Edit verify new external dig request has been added","status":"skipped","statusDetails":{"known":false,"muted":false,"flaky":false},"stage":"finished","steps":[],"attachments":[],"parameters":[],"start":1712220716377,"stop":1712220716377}],"attachments":[],"parameters":[],"start":1712220716367,"stop":1712220716382}